<?xml version="1.0" encoding="UTF-8"?>
<testsuite xmlns:xsi="http://www.w3.org/2001/XMLSchema-instance" xsi:noNamespaceSchemaLocation="https://maven.apache.org/surefire/maven-surefire-plugin/xsd/surefire-test-report-3.0.xsd" version="3.0" name="com.dh.apigatewayservice.ApigatewayserviceApplicationTests" time="5.661" tests="1" errors="0" skipped="0" failures="0">
  <properties>
[...]
</properties>
  <testcase name="contextLoads" classname="com.dh.apigatewayservice.ApigatewayserviceApplicationTests" time="0.931">
    <system-out><![CDATA[14:47:27.327 [main] INFO org.springframework.test.context.support.AnnotationConfigContextLoaderUtils -- Could not detect default configuration classes for test class [com.dh.apigatewayservice.ApigatewayserviceApplicationTests]: ApigatewayserviceApplicationTests does not declare any static, non-private, non-final, nested classes annotated with @Configuration.
14:47:27.473 [main] INFO org.springframework.boot.test.context.SpringBootTestContextBootstrapper -- Found @SpringBootConfiguration com.dh.apigatewayservice.ApigatewayserviceApplication for test class com.dh.apigatewayservice.ApigatewayserviceApplicationTests

  .   ____          _            __ _ _
 /\\ / ___'_ __ _ _(_)_ __  __ _ \ \ \ \
( ( )\___ | '_ | '_| | '_ \/ _` | \ \ \ \
 \\/  ___)| |_)| | | | | || (_| |  ) ) ) )
  '  |____| .__|_| |_|_| |_\__, | / / / /
 =========|_|==============|___/=/_/_/_/
 :: Spring Boot ::                (v3.1.3)

2024-08-28T14:47:28.401-05:00  INFO 17360 --- [           main] c.d.a.ApigatewayserviceApplicationTests  : Starting ApigatewayserviceApplicationTests using Java 22.0.1 with PID 17360 (started by Mila in D:\CAMILA\Biblioteca\Uni\Distribuidas\DockerizedMicroServices\Docker\GithubProject\Gateway-CursoUsuario)
2024-08-28T14:47:28.404-05:00  INFO 17360 --- [           main] c.d.a.ApigatewayserviceApplicationTests  : No active profile set, falling back to 1 default profile: "default"
2024-08-28T14:47:29.867-05:00  INFO 17360 --- [           main] o.s.cloud.context.scope.GenericScope     : BeanFactory id=074619a9-56ab-3278-bdfe-05854f6a1916
2024-08-28T14:47:31.136-05:00  INFO 17360 --- [           main] o.s.c.g.r.RouteDefinitionRouteLocator    : Loaded RoutePredicateFactory [After]
2024-08-28T14:47:31.137-05:00  INFO 17360 --- [           main] o.s.c.g.r.RouteDefinitionRouteLocator    : Loaded RoutePredicateFactory [Before]
2024-08-28T14:47:31.137-05:00  INFO 17360 --- [           main] o.s.c.g.r.RouteDefinitionRouteLocator    : Loaded RoutePredicateFactory [Between]
2024-08-28T14:47:31.137-05:00  INFO 17360 --- [           main] o.s.c.g.r.RouteDefinitionRouteLocator    : Loaded RoutePredicateFactory [Cookie]
2024-08-28T14:47:31.137-05:00  INFO 17360 --- [           main] o.s.c.g.r.RouteDefinitionRouteLocator    : Loaded RoutePredicateFactory [Header]
2024-08-28T14:47:31.138-05:00  INFO 17360 --- [           main] o.s.c.g.r.RouteDefinitionRouteLocator    : Loaded RoutePredicateFactory [Host]
2024-08-28T14:47:31.138-05:00  INFO 17360 --- [           main] o.s.c.g.r.RouteDefinitionRouteLocator    : Loaded RoutePredicateFactory [Method]
2024-08-28T14:47:31.138-05:00  INFO 17360 --- [           main] o.s.c.g.r.RouteDefinitionRouteLocator    : Loaded RoutePredicateFactory [Path]
2024-08-28T14:47:31.138-05:00  INFO 17360 --- [           main] o.s.c.g.r.RouteDefinitionRouteLocator    : Loaded RoutePredicateFactory [Query]
2024-08-28T14:47:31.138-05:00  INFO 17360 --- [           main] o.s.c.g.r.RouteDefinitionRouteLocator    : Loaded RoutePredicateFactory [ReadBody]
2024-08-28T14:47:31.138-05:00  INFO 17360 --- [           main] o.s.c.g.r.RouteDefinitionRouteLocator    : Loaded RoutePredicateFactory [RemoteAddr]
2024-08-28T14:47:31.138-05:00  INFO 17360 --- [           main] o.s.c.g.r.RouteDefinitionRouteLocator    : Loaded RoutePredicateFactory [XForwardedRemoteAddr]
2024-08-28T14:47:31.138-05:00  INFO 17360 --- [           main] o.s.c.g.r.RouteDefinitionRouteLocator    : Loaded RoutePredicateFactory [Weight]
2024-08-28T14:47:31.138-05:00  INFO 17360 --- [           main] o.s.c.g.r.RouteDefinitionRouteLocator    : Loaded RoutePredicateFactory [CloudFoundryRouteService]
2024-08-28T14:47:31.796-05:00  INFO 17360 --- [           main] c.d.a.ApigatewayserviceApplicationTests  : Started ApigatewayserviceApplicationTests in 4.095 seconds (process running for 5.518)
]]></system-out>
    <system-err><![CDATA[WARNING: A Java agent has been loaded dynamically (C:\Users\Mila\.m2\repository\net\bytebuddy\byte-buddy-agent\1.14.6\byte-buddy-agent-1.14.6.jar)
WARNING: If a serviceability tool is in use, please run with -XX:+EnableDynamicAgentLoading to hide this warning
WARNING: If a serviceability tool is not in use, please run with -Djdk.instrument.traceUsage for more information
WARNING: Dynamic loading of agents will be disallowed by default in a future release
]]></system-err>
  </testcase>
</testsuite>